<?xml version="1.0" encoding="UTF-8"?>
<testng-results skipped="0" failed="0" ignored="0" total="1" passed="1">
  <reporter-output>
  </reporter-output>
  <suite name="Default suite" duration-ms="9599" started-at="2021-10-31T13:44:17 IST" finished-at="2021-10-31T13:44:26 IST">
    <groups>
    </groups>
    <test name="Default test" duration-ms="9599" started-at="2021-10-31T13:44:17 IST" finished-at="2021-10-31T13:44:26 IST">
      <class name="Faccebook.FacebookTestcase">
        <test-method status="PASS" signature="login()[pri:0, instance:Faccebook.FacebookTestcase@12f41634]" name="login" duration-ms="9513" started-at="2021-10-31T13:44:17 IST" finished-at="2021-10-31T13:44:26 IST">
          <reporter-output>
          </reporter-output>
        </test-method> <!-- login -->
      </class> <!-- Faccebook.FacebookTestcase -->
    </test> <!-- Default test -->
  </suite> <!-- Default suite -->
</testng-results>
